  Reading Qt configuration (C:/Qt/Qt5.9.0/5.9/msvc2017_64/bin/qmake)
  stdafx.cpp
  AddDBClass.cpp
  AddGroupClass.cpp
  AddTagClass.cpp
  LuaCal.cpp
  TrendDBConfClass.cpp
  EditTagClass.cpp
  TrendDBCalc.cpp
  main.cpp
d:\source\trenddbcalc\trenddbcalc\adddbclass.cpp(20): error C2664: “void AddDBClass::OkSignal(QString &)”: 无法将参数 1 从“QString”转换为“QString &”
  d:\source\trenddbcalc\trenddbcalc\adddbclass.cpp(20): note: 非常量引用只能绑定到左值
d:\source\trenddbcalc\trenddbcalc\addgroupclass.cpp(20): error C2664: “void AddGroupClass::OkSignal(QString &)”: 无法将参数 1 从“QString”转换为“QString &”
  d:\source\trenddbcalc\trenddbcalc\addgroupclass.cpp(20): note: 非常量引用只能绑定到左值
d:\source\trenddbcalc\include\spdlog\fmt\bundled\core.h(327): warning C4566: 由通用字符名称“\u00B5”表示的字符不能在当前代码页(936)中表示出来 (编译源文件 LuaCal.cpp)
d:\source\trenddbcalc\include\spdlog\fmt\bundled\core.h(327): warning C4566: 由通用字符名称“\u00B5”表示的字符不能在当前代码页(936)中表示出来 (编译源文件 AddTagClass.cpp)
d:\source\trenddbcalc\include\spdlog\fmt\bundled\core.h(327): warning C4566: 由通用字符名称“\u00B5”表示的字符不能在当前代码页(936)中表示出来 (编译源文件 TrendDBConfClass.cpp)
d:\source\trenddbcalc\include\spdlog\fmt\bundled\core.h(327): warning C4566: 由通用字符名称“\u00B5”表示的字符不能在当前代码页(936)中表示出来 (编译源文件 EditTagClass.cpp)
d:\source\trenddbcalc\include\spdlog\fmt\bundled\core.h(327): warning C4566: 由通用字符名称“\u00B5”表示的字符不能在当前代码页(936)中表示出来 (编译源文件 TrendDBCalc.cpp)
d:\source\trenddbcalc\include\spdlog\fmt\bundled\core.h(327): warning C4566: 由通用字符名称“\u00B5”表示的字符不能在当前代码页(936)中表示出来 (编译源文件 main.cpp)
d:\source\trenddbcalc\trenddbcalc\log.h(39): error C2440: “默认参数”: 无法从“QString”转换为“QString &” (编译源文件 LuaCal.cpp)
  d:\source\trenddbcalc\trenddbcalc\log.h(39): note: 非常量引用只能绑定到左值 (编译源文件 LuaCal.cpp)
d:\source\trenddbcalc\trenddbcalc\luacal.cpp(194): error C2664: “int LuaCal::UnpackScript(std::string &,std::string &,std::vector<std::string,std::allocator<_Ty>> &)”: 无法将参数 1 从“std::string”转换为“std::string &”
          with
          [
              _Ty=std::string
          ]
  d:\source\trenddbcalc\trenddbcalc\luacal.cpp(194): note: 非常量引用只能绑定到左值
d:\source\trenddbcalc\trenddbcalc\luacal.cpp(195): error C2664: “int LuaCal::UnpackScript(std::string &,std::string &,std::vector<std::string,std::allocator<_Ty>> &)”: 无法将参数 1 从“std::string”转换为“std::string &”
          with
          [
              _Ty=std::string
          ]
  d:\source\trenddbcalc\trenddbcalc\luacal.cpp(195): note: 非常量引用只能绑定到左值
d:\source\trenddbcalc\trenddbcalc\log.h(39): error C2440: “默认参数”: 无法从“QString”转换为“QString &” (编译源文件 AddTagClass.cpp)
  d:\source\trenddbcalc\trenddbcalc\log.h(39): note: 非常量引用只能绑定到左值 (编译源文件 AddTagClass.cpp)
d:\source\trenddbcalc\trenddbcalc\log.h(39): error C2440: “默认参数”: 无法从“QString”转换为“QString &” (编译源文件 EditTagClass.cpp)
  d:\source\trenddbcalc\trenddbcalc\log.h(39): note: 非常量引用只能绑定到左值 (编译源文件 EditTagClass.cpp)
d:\source\trenddbcalc\trenddbcalc\log.h(39): error C2440: “默认参数”: 无法从“QString”转换为“QString &” (编译源文件 TrendDBConfClass.cpp)
  d:\source\trenddbcalc\trenddbcalc\log.h(39): note: 非常量引用只能绑定到左值 (编译源文件 TrendDBConfClass.cpp)
d:\source\trenddbcalc\trenddbcalc\log.h(39): error C2440: “默认参数”: 无法从“QString”转换为“QString &” (编译源文件 TrendDBCalc.cpp)
  d:\source\trenddbcalc\trenddbcalc\log.h(39): note: 非常量引用只能绑定到左值 (编译源文件 TrendDBCalc.cpp)
d:\source\trenddbcalc\trenddbcalc\addtagclass.cpp(10): error C2039: “treeWidget”: 不是“Ui::AddTagClass”的成员
  d:\source\trenddbcalc\trenddbcalc\x64\debug\uic\ui_addtagclass.h(140): note: 参见“Ui::AddTagClass”的声明
d:\source\trenddbcalc\trenddbcalc\addtagclass.cpp(10): error C2653: “QTreeWidget”: 不是类或命名空间名称
d:\source\trenddbcalc\trenddbcalc\addtagclass.cpp(10): error C2065: “doubleClicked”: 未声明的标识符
d:\source\trenddbcalc\trenddbcalc\log.h(39): error C2440: “默认参数”: 无法从“QString”转换为“QString &” (编译源文件 main.cpp)
  d:\source\trenddbcalc\trenddbcalc\log.h(39): note: 非常量引用只能绑定到左值 (编译源文件 main.cpp)
d:\source\trenddbcalc\trenddbcalc\addtagclass.cpp(100): error C2061: 语法错误: 标识符“QTreeWidgetItem”
d:\source\trenddbcalc\trenddbcalc\addtagclass.cpp(101): error C3536: “itemParent”: 初始化之前无法使用
d:\source\trenddbcalc\trenddbcalc\addtagclass.cpp(106): error C2065: “QTreeWidgetItem”: 未声明的标识符
d:\source\trenddbcalc\trenddbcalc\addtagclass.cpp(106): error C2065: “item”: 未声明的标识符
d:\source\trenddbcalc\trenddbcalc\addtagclass.cpp(106): error C2061: 语法错误: 标识符“QTreeWidgetItem”
d:\source\trenddbcalc\trenddbcalc\addtagclass.cpp(107): error C2065: “item”: 未声明的标识符
d:\source\trenddbcalc\trenddbcalc\addtagclass.cpp(108): error C2065: “item”: 未声明的标识符
d:\source\trenddbcalc\trenddbcalc\trenddbcalc.cpp(854): error C2664: “void TrendDBCalc::DBAdd(QString &)”: 无法将参数 1 从“QString”转换为“QString &”
  d:\source\trenddbcalc\trenddbcalc\trenddbcalc.cpp(854): note: 非常量引用只能绑定到左值
d:\source\trenddbcalc\trenddbcalc\trenddbcalc.cpp(855): error C2664: “void TrendDBCalc::GroupAdd(QString &,QString &)”: 无法将参数 1 从“QString”转换为“QString &”
  d:\source\trenddbcalc\trenddbcalc\trenddbcalc.cpp(855): note: 非常量引用只能绑定到左值
