d:\documents\visual studio 2017\projects\trenddbcalc\trenddbcalc\x64\debug\trenddbcalc.pch
d:\documents\visual studio 2017\projects\trenddbcalc\trenddbcalc\x64\debug\vc141.pdb
d:\documents\visual studio 2017\projects\trenddbcalc\trenddbcalc\x64\debug\stdafx.obj
d:\documents\visual studio 2017\projects\trenddbcalc\trenddbcalc\x64\debug\qrc_trenddbcalc.obj
d:\documents\visual studio 2017\projects\trenddbcalc\trenddbcalc\x64\debug\moc_addtagclass.obj
d:\documents\visual studio 2017\projects\trenddbcalc\trenddbcalc\x64\debug\moc_edittagclass.obj
d:\documents\visual studio 2017\projects\trenddbcalc\trenddbcalc\x64\debug\moc_luacal.obj
d:\documents\visual studio 2017\projects\trenddbcalc\trenddbcalc\x64\debug\moc_trenddbconfclass.obj
d:\documents\visual studio 2017\projects\trenddbcalc\trenddbcalc\x64\debug\moc_trenddbcalc.obj
d:\documents\visual studio 2017\projects\trenddbcalc\trenddbcalc\x64\debug\trenddbcalc.obj
d:\documents\visual studio 2017\projects\trenddbcalc\trenddbcalc\x64\debug\main.obj
d:\documents\visual studio 2017\projects\trenddbcalc\trenddbcalc\x64\debug\luacal.obj
d:\documents\visual studio 2017\projects\trenddbcalc\trenddbcalc\x64\debug\addtagclass.obj
d:\documents\visual studio 2017\projects\trenddbcalc\trenddbcalc\x64\debug\trenddbconfclass.obj
d:\documents\visual studio 2017\projects\trenddbcalc\trenddbcalc\x64\debug\edittagclass.obj
d:\documents\visual studio 2017\projects\trenddbcalc\x64\debug\trenddbcalc.exe
d:\documents\visual studio 2017\projects\trenddbcalc\x64\debug\trenddbcalc.ilk
d:\documents\visual studio 2017\projects\trenddbcalc\x64\debug\trenddbcalc.pdb
d:\documents\visual studio 2017\projects\trenddbcalc\trenddbcalc\x64\debug\moc\moc_edittagclass.cpp
d:\documents\visual studio 2017\projects\trenddbcalc\trenddbcalc\x64\debug\moc\moc_addtagclass.cpp
d:\documents\visual studio 2017\projects\trenddbcalc\trenddbcalc\x64\debug\moc\moc_luacal.cpp
d:\documents\visual studio 2017\projects\trenddbcalc\trenddbcalc\x64\debug\moc\moc_trenddbconfclass.cpp
d:\documents\visual studio 2017\projects\trenddbcalc\trenddbcalc\x64\debug\moc\moc_trenddbcalc.cpp
d:\documents\visual studio 2017\projects\trenddbcalc\trenddbcalc\x64\debug\trenddbcalc.res
d:\documents\visual studio 2017\projects\trenddbcalc\trenddbcalc\x64\debug\rcc\qrc_trenddbcalc.cpp
d:\documents\visual studio 2017\projects\trenddbcalc\trenddbcalc\x64\debug\uic\ui_addtagclass.h
d:\documents\visual studio 2017\projects\trenddbcalc\trenddbcalc\x64\debug\uic\ui_edittagclass.h
d:\documents\visual studio 2017\projects\trenddbcalc\trenddbcalc\x64\debug\uic\ui_trenddbcalc.h
d:\documents\visual studio 2017\projects\trenddbcalc\trenddbcalc\x64\debug\uic\ui_trenddbconfclass.h
d:\documents\visual studio 2017\projects\trenddbcalc\trenddbcalc\x64\debug\trenddbcalc.tlog\cl.command.1.tlog
d:\documents\visual studio 2017\projects\trenddbcalc\trenddbcalc\x64\debug\trenddbcalc.tlog\cl.read.1.tlog
d:\documents\visual studio 2017\projects\trenddbcalc\trenddbcalc\x64\debug\trenddbcalc.tlog\cl.write.1.tlog
d:\documents\visual studio 2017\projects\trenddbcalc\trenddbcalc\x64\debug\trenddbcalc.tlog\link.command.1.tlog
d:\documents\visual studio 2017\projects\trenddbcalc\trenddbcalc\x64\debug\trenddbcalc.tlog\link.read.1.tlog
d:\documents\visual studio 2017\projects\trenddbcalc\trenddbcalc\x64\debug\trenddbcalc.tlog\link.write.1.tlog
d:\documents\visual studio 2017\projects\trenddbcalc\trenddbcalc\x64\debug\trenddbcalc.tlog\moc.read.1u.tlog
d:\documents\visual studio 2017\projects\trenddbcalc\trenddbcalc\x64\debug\trenddbcalc.tlog\moc.write.1u.tlog
d:\documents\visual studio 2017\projects\trenddbcalc\trenddbcalc\x64\debug\trenddbcalc.tlog\rc.command.1.tlog
d:\documents\visual studio 2017\projects\trenddbcalc\trenddbcalc\x64\debug\trenddbcalc.tlog\rc.read.1.tlog
d:\documents\visual studio 2017\projects\trenddbcalc\trenddbcalc\x64\debug\trenddbcalc.tlog\rc.write.1.tlog
d:\documents\visual studio 2017\projects\trenddbcalc\trenddbcalc\x64\debug\trenddbcalc.tlog\rcc.read.1u.tlog
d:\documents\visual studio 2017\projects\trenddbcalc\trenddbcalc\x64\debug\trenddbcalc.tlog\rcc.write.1u.tlog
d:\documents\visual studio 2017\projects\trenddbcalc\trenddbcalc\x64\debug\trenddbcalc.tlog\trenddbcalc.write.1u.tlog
d:\documents\visual studio 2017\projects\trenddbcalc\trenddbcalc\x64\debug\trenddbcalc.tlog\uic.read.1u.tlog
d:\documents\visual studio 2017\projects\trenddbcalc\trenddbcalc\x64\debug\trenddbcalc.tlog\uic.write.1u.tlog
