C:\Program Files (x86)\Microsoft Visual Studio\2017\Community\Common7\IDE\VC\VCTargets\Microsoft.CppBuild.targets(391,5): warning MSB8028: 中间目录(Release\)包含从另一个项目(Project8.vcxproj)共享的文件。   这会导致错误的清除和重新生成行为。
  Rydw.cpp
  Please define _WIN32_WINNT or _WIN32_WINDOWS appropriately. For example:
  - add -D_WIN32_WINNT=0x0501 to the compiler command line; or
  - add _WIN32_WINNT=0x0501 to your project's Preprocessor Definitions.
  Assuming _WIN32_WINNT=0x0501 (i.e. Windows XP target).
d:\source\trenddbtest\include\paho.mqt.cpp\src\mqtt\connect_options.h : warning C4819: 该文件包含不能在当前代码页(936)中表示的字符。请将该文件保存为 Unicode 格式以防止数据丢失
d:\source\trenddbtest\project8\rydw.cpp(150): warning C4305: “=”: 从“double”到“float”截断
d:\source\trenddbtest\project8\rydw.cpp(230): warning C4244: “=”: 从“int”转换到“float”，可能丢失数据
d:\source\trenddbtest\project8\rydw.cpp(238): warning C4244: “=”: 从“double”转换到“float”，可能丢失数据
d:\source\trenddbtest\project8\rydw.cpp(242): warning C4244: “=”: 从“double”转换到“float”，可能丢失数据
d:\source\trenddbtest\project8\rydw.cpp(246): warning C4244: “=”: 从“double”转换到“float”，可能丢失数据
d:\source\trenddbtest\project8\rydw.cpp(321): warning C4018: “<”: 有符号/无符号不匹配
d:\source\trenddbtest\project8\rydw.cpp(323): warning C4244: “初始化”: 从“double”转换到“float”，可能丢失数据
d:\source\trenddbtest\project8\rydw.cpp(326): warning C4244: “初始化”: 从“float”转换到“int”，可能丢失数据
d:\source\trenddbtest\project8\rydw.cpp(333): warning C4305: “=”: 从“double”到“float”截断
d:\source\trenddbtest\project8\rydw.cpp(414): warning C4244: “=”: 从“double”转换到“float”，可能丢失数据
d:\source\trenddbtest\project8\rydw.cpp(415): warning C4244: “=”: 从“double”转换到“float”，可能丢失数据
d:\source\trenddbtest\include\crow\websocket.h(143): warning C4267: “+=”: 从“size_t”转换到“char”，可能丢失数据
  d:\source\trenddbtest\include\crow\websocket.h(138): note: 编译 类 模板 成员函数 "std::string crow::websocket::Connection<crow::SocketAdaptor>::build_header(int,size_t)" 时
  d:\source\trenddbtest\include\crow\websocket.h(128): note: 参见对正在编译的函数 模板 实例化“std::string crow::websocket::Connection<crow::SocketAdaptor>::build_header(int,size_t)”的引用
  d:\source\trenddbtest\include\crow\routing.h(291): note: 参见对正在编译的 类 模板 实例化 "crow::websocket::Connection<crow::SocketAdaptor>" 的引用
  d:\baidunetdiskdownload\boost_1_74_0\boost\asio\use_future.hpp(138): note: 参见对正在编译的 类 模板 实例化 "boost::asio::use_future_t<std::allocator<void>>::std_allocator_void" 的引用
  d:\baidunetdiskdownload\boost_1_74_0\boost\asio\use_future.hpp(146): note: 参见对正在编译的 类 模板 实例化 "boost::asio::use_future_t<std::allocator<void>>" 的引用
d:\source\trenddbtest\include\crow\websocket.h(91): warning C4267: “+=”: 从“size_t”转换到“char”，可能丢失数据
  d:\source\trenddbtest\include\crow\websocket.h(88): note: 编译 类 模板 成员函数 "void crow::websocket::Connection<crow::SocketAdaptor>::send_pong(const std::string &)" 时
  d:\source\trenddbtest\include\crow\websocket.h(441): note: 参见对正在编译的函数 模板 实例化“void crow::websocket::Connection<crow::SocketAdaptor>::send_pong(const std::string &)”的引用
  正在生成代码
  116 of 6993 functions ( 1.7%) were compiled, the rest were copied from previous compilation.
    26 functions were new in current compilation
    12 functions had inline decision re-evaluated but remain unchanged
  已完成代码的生成
  Project8.vcxproj -> D:\source\TrendDBTest\Release\SWDW.exe
