d:\documents\visual studio 2017\projects\trenddbcalc\trenddbcalc\x64\release\trenddbcalc.pch
d:\documents\visual studio 2017\projects\trenddbcalc\trenddbcalc\x64\release\vc141.pdb
d:\documents\visual studio 2017\projects\trenddbcalc\trenddbcalc\x64\release\stdafx.obj
d:\documents\visual studio 2017\projects\trenddbcalc\trenddbcalc\x64\release\addgroupclass.obj
d:\documents\visual studio 2017\projects\trenddbcalc\trenddbcalc\x64\release\trenddbcalc.obj
d:\documents\visual studio 2017\projects\trenddbcalc\trenddbcalc\x64\release\adddbclass.obj
d:\documents\visual studio 2017\projects\trenddbcalc\trenddbcalc\x64\release\trenddbconfclass.obj
d:\documents\visual studio 2017\projects\trenddbcalc\trenddbcalc\x64\release\main.obj
d:\documents\visual studio 2017\projects\trenddbcalc\trenddbcalc\x64\release\addtagclass.obj
d:\documents\visual studio 2017\projects\trenddbcalc\trenddbcalc\x64\release\edittagclass.obj
d:\documents\visual studio 2017\projects\trenddbcalc\trenddbcalc\x64\release\luacal.obj
d:\documents\visual studio 2017\projects\trenddbcalc\trenddbcalc\x64\release\qrc_trenddbcalc.obj
d:\documents\visual studio 2017\projects\trenddbcalc\trenddbcalc\x64\release\moc_trenddbconfclass.obj
d:\documents\visual studio 2017\projects\trenddbcalc\trenddbcalc\x64\release\moc_trenddbcalc.obj
d:\documents\visual studio 2017\projects\trenddbcalc\trenddbcalc\x64\release\moc_edittagclass.obj
d:\documents\visual studio 2017\projects\trenddbcalc\trenddbcalc\x64\release\moc_adddbclass.obj
d:\documents\visual studio 2017\projects\trenddbcalc\trenddbcalc\x64\release\moc_luacal.obj
d:\documents\visual studio 2017\projects\trenddbcalc\trenddbcalc\x64\release\moc_addgroupclass.obj
d:\documents\visual studio 2017\projects\trenddbcalc\trenddbcalc\x64\release\moc_addtagclass.obj
d:\documents\visual studio 2017\projects\trenddbcalc\x64\release\trenddbcalc.exe
d:\documents\visual studio 2017\projects\trenddbcalc\trenddbcalc\x64\release\moc\moc_addgroupclass.cpp
d:\documents\visual studio 2017\projects\trenddbcalc\trenddbcalc\x64\release\moc\moc_luacal.cpp
d:\documents\visual studio 2017\projects\trenddbcalc\trenddbcalc\x64\release\moc\moc_edittagclass.cpp
d:\documents\visual studio 2017\projects\trenddbcalc\trenddbcalc\x64\release\moc\moc_trenddbconfclass.cpp
d:\documents\visual studio 2017\projects\trenddbcalc\trenddbcalc\x64\release\moc\moc_addtagclass.cpp
d:\documents\visual studio 2017\projects\trenddbcalc\trenddbcalc\x64\release\moc\moc_adddbclass.cpp
d:\documents\visual studio 2017\projects\trenddbcalc\trenddbcalc\x64\release\moc\moc_trenddbcalc.cpp
d:\documents\visual studio 2017\projects\trenddbcalc\trenddbcalc\x64\release\trenddbcalc.res
d:\documents\visual studio 2017\projects\trenddbcalc\trenddbcalc\x64\release\rcc\qrc_trenddbcalc.cpp
d:\documents\visual studio 2017\projects\trenddbcalc\trenddbcalc\x64\release\uic\ui_adddbclass.h
d:\documents\visual studio 2017\projects\trenddbcalc\trenddbcalc\x64\release\uic\ui_addgroupclass.h
d:\documents\visual studio 2017\projects\trenddbcalc\trenddbcalc\x64\release\uic\ui_addtagclass.h
d:\documents\visual studio 2017\projects\trenddbcalc\trenddbcalc\x64\release\uic\ui_edittagclass.h
d:\documents\visual studio 2017\projects\trenddbcalc\trenddbcalc\x64\release\uic\ui_trenddbcalc.h
d:\documents\visual studio 2017\projects\trenddbcalc\trenddbcalc\x64\release\uic\ui_trenddbconfclass.h
d:\documents\visual studio 2017\projects\trenddbcalc\trenddbcalc\x64\release\trenddbcalc.tlog\cl.command.1.tlog
d:\documents\visual studio 2017\projects\trenddbcalc\trenddbcalc\x64\release\trenddbcalc.tlog\cl.read.1.tlog
d:\documents\visual studio 2017\projects\trenddbcalc\trenddbcalc\x64\release\trenddbcalc.tlog\cl.write.1.tlog
d:\documents\visual studio 2017\projects\trenddbcalc\trenddbcalc\x64\release\trenddbcalc.tlog\link.command.1.tlog
d:\documents\visual studio 2017\projects\trenddbcalc\trenddbcalc\x64\release\trenddbcalc.tlog\link.read.1.tlog
d:\documents\visual studio 2017\projects\trenddbcalc\trenddbcalc\x64\release\trenddbcalc.tlog\link.write.1.tlog
d:\documents\visual studio 2017\projects\trenddbcalc\trenddbcalc\x64\release\trenddbcalc.tlog\moc.read.1u.tlog
d:\documents\visual studio 2017\projects\trenddbcalc\trenddbcalc\x64\release\trenddbcalc.tlog\moc.write.1u.tlog
d:\documents\visual studio 2017\projects\trenddbcalc\trenddbcalc\x64\release\trenddbcalc.tlog\rc.command.1.tlog
d:\documents\visual studio 2017\projects\trenddbcalc\trenddbcalc\x64\release\trenddbcalc.tlog\rc.read.1.tlog
d:\documents\visual studio 2017\projects\trenddbcalc\trenddbcalc\x64\release\trenddbcalc.tlog\rc.write.1.tlog
d:\documents\visual studio 2017\projects\trenddbcalc\trenddbcalc\x64\release\trenddbcalc.tlog\rcc.read.1u.tlog
d:\documents\visual studio 2017\projects\trenddbcalc\trenddbcalc\x64\release\trenddbcalc.tlog\rcc.write.1u.tlog
d:\documents\visual studio 2017\projects\trenddbcalc\trenddbcalc\x64\release\trenddbcalc.tlog\trenddbcalc.write.1u.tlog
d:\documents\visual studio 2017\projects\trenddbcalc\trenddbcalc\x64\release\trenddbcalc.tlog\uic.read.1u.tlog
d:\documents\visual studio 2017\projects\trenddbcalc\trenddbcalc\x64\release\trenddbcalc.tlog\uic.write.1u.tlog
