d:\baidunetdiskdownload\repos\hisvalueset\hisvalueset\x64\release\hisvalueset.pch
d:\baidunetdiskdownload\repos\hisvalueset\hisvalueset\x64\release\vc141.pdb
d:\baidunetdiskdownload\repos\hisvalueset\hisvalueset\x64\release\pch.obj
d:\baidunetdiskdownload\repos\hisvalueset\hisvalueset\x64\release\sethisvalue.obj
d:\baidunetdiskdownload\repos\hisvalueset\hisvalueset\x64\release\hisvaluesetdlg.obj
d:\baidunetdiskdownload\repos\hisvalueset\hisvalueset\x64\release\hisvalueset.obj
d:\baidunetdiskdownload\repos\hisvalueset\x64\release\hisvalueset.ipdb
d:\baidunetdiskdownload\repos\hisvalueset\x64\release\hisvalueset.iobj
d:\baidunetdiskdownload\repos\hisvalueset\x64\release\hisvalueset.exe
d:\baidunetdiskdownload\repos\hisvalueset\x64\release\hisvalueset.pdb
d:\baidunetdiskdownload\repos\hisvalueset\hisvalueset\x64\release\hisvalueset.res
d:\baidunetdiskdownload\repos\hisvalueset\hisvalueset\x64\release\hisvalueset.tlog\cl.command.1.tlog
d:\baidunetdiskdownload\repos\hisvalueset\hisvalueset\x64\release\hisvalueset.tlog\cl.read.1.tlog
d:\baidunetdiskdownload\repos\hisvalueset\hisvalueset\x64\release\hisvalueset.tlog\cl.write.1.tlog
d:\baidunetdiskdownload\repos\hisvalueset\hisvalueset\x64\release\hisvalueset.tlog\hisvalueset.write.1u.tlog
d:\baidunetdiskdownload\repos\hisvalueset\hisvalueset\x64\release\hisvalueset.tlog\link.command.1.tlog
d:\baidunetdiskdownload\repos\hisvalueset\hisvalueset\x64\release\hisvalueset.tlog\link.read.1.tlog
d:\baidunetdiskdownload\repos\hisvalueset\hisvalueset\x64\release\hisvalueset.tlog\link.write.1.tlog
d:\baidunetdiskdownload\repos\hisvalueset\hisvalueset\x64\release\hisvalueset.tlog\rc.command.1.tlog
d:\baidunetdiskdownload\repos\hisvalueset\hisvalueset\x64\release\hisvalueset.tlog\rc.read.1.tlog
d:\baidunetdiskdownload\repos\hisvalueset\hisvalueset\x64\release\hisvalueset.tlog\rc.write.1.tlog
