c:\users\administrator\source\repos\rtdbtrans\rtdbtrans\release\vc141.pdb
c:\users\administrator\source\repos\rtdbtrans\rtdbtrans\release\mqtttrans.obj
c:\users\administrator\source\repos\rtdbtrans\rtdbtrans\release\rtdbtrans.pch
c:\users\administrator\source\repos\rtdbtrans\rtdbtrans\release\pch.obj
c:\users\administrator\source\repos\rtdbtrans\rtdbtrans\release\rtdbtransdlg.obj
c:\users\administrator\source\repos\rtdbtrans\rtdbtrans\release\rtdbtrans.obj
c:\users\administrator\source\repos\rtdbtrans\rtdbtrans\release\uatrans.obj
c:\users\administrator\source\repos\rtdbtrans\rtdbtrans\release\tsdbtrans.obj
c:\users\administrator\source\repos\rtdbtrans\rtdbtrans\release\kafkatrans.obj
c:\users\administrator\source\repos\rtdbtrans\rtdbtrans\release\transsdk.obj
c:\users\administrator\source\repos\rtdbtrans\rtdbtrans\release\transtask.obj
c:\users\administrator\source\repos\rtdbtrans\release\rtdbtrans.exe
c:\users\administrator\source\repos\rtdbtrans\release\rtdbtrans.pdb
c:\users\administrator\source\repos\rtdbtrans\rtdbtrans\release\rtdbtrans.res
c:\users\administrator\source\repos\rtdbtrans\release\rtdbtrans.ipdb
c:\users\administrator\source\repos\rtdbtrans\release\rtdbtrans.iobj
c:\users\administrator\source\repos\rtdbtrans\rtdbtrans\release\rtdbtrans.tlog\cl.command.1.tlog
c:\users\administrator\source\repos\rtdbtrans\rtdbtrans\release\rtdbtrans.tlog\cl.read.1.tlog
c:\users\administrator\source\repos\rtdbtrans\rtdbtrans\release\rtdbtrans.tlog\cl.write.1.tlog
c:\users\administrator\source\repos\rtdbtrans\rtdbtrans\release\rtdbtrans.tlog\link.command.1.tlog
c:\users\administrator\source\repos\rtdbtrans\rtdbtrans\release\rtdbtrans.tlog\link.read.1.tlog
c:\users\administrator\source\repos\rtdbtrans\rtdbtrans\release\rtdbtrans.tlog\link.write.1.tlog
c:\users\administrator\source\repos\rtdbtrans\rtdbtrans\release\rtdbtrans.tlog\rc.command.1.tlog
c:\users\administrator\source\repos\rtdbtrans\rtdbtrans\release\rtdbtrans.tlog\rc.read.1.tlog
c:\users\administrator\source\repos\rtdbtrans\rtdbtrans\release\rtdbtrans.tlog\rc.write.1.tlog
c:\users\administrator\source\repos\rtdbtrans\rtdbtrans\release\rtdbtrans.tlog\rtdbtrans.write.1u.tlog
